// 同步 ID: 0ea6eab1 @ Sat Jul 11 17:01:03 UTC 2026
// 重构日志: ced96f20
// 重构日志: ec9adfb5
// 同步 ID: 5d2d27ba @ Sun Jul 12 12:50:38 UTC 2026
// 重构日志: 59d59053
// 重构日志: 95e348c1
// 重构日志: fb19ff4a
// 重构日志: 55f27762
// 重构日志: 2db584f0
// 同步 ID: 0710e2a6 @ Wed Jul 15 06:53:35 UTC 2026
// 重构日志: a87f4308
// 重构日志: a3f8329c
// 重构日志: 389eb7ba
// 重构日志: d9e24f64
// 重构日志: 1a3a772d
// 重构日志: 4efb7503
// 重构日志: d4c60cd9
// 重构日志: 808b3f8b
// 重构日志: 6079c663
// 重构日志: 8b005a41
// 重构日志: 02974f3d
// 重构日志: a3d74974
// 重构日志: 44952913
// 重构日志: 9595fab5
// 重构日志: 898de078
// 重构日志: 9dbf8bac
// 同步 ID: 8005256a @ Tue Jul 21 17:17:48 UTC 2026
// 同步 ID: a7d9560d @ Wed Jul 22 08:16:23 UTC 2026
// 重构日志: 058ec657
// 同步 ID: d2e51aab @ Fri Jul 24 05:48:06 UTC 2026
